app/build/intermediates/manifest_merge_blame_file/release/manifest-merger-blame-release-report.txt
1<?xml version="1.0" encoding="utf-8"?>
2<manifest xmlns:android="http://schemas.android.com/apk/res/android"
3    package="com.alfa.group.bosch.android"
4    android:versionCode="5"
5    android:versionName="0.0.5" >
6
7    <uses-sdk
8        android:minSdkVersion="21"
8-->src/main/AndroidManifest.xml
9        android:targetSdkVersion="30" />
9-->src/main/AndroidManifest.xml
10
11    <uses-permission android:name="android.permission.INTERNET" />
11-->src/main/AndroidManifest.xml:6:5-67
11-->src/main/AndroidManifest.xml:6:22-64
12    <uses-permission android:name="android.permission.ACCESS_NETWORK_STATE" />
12-->src/main/AndroidManifest.xml:7:5-79
12-->src/main/AndroidManifest.xml:7:22-76
13    <uses-permission android:name="android.permission.ACCESS_COARSE_LOCATION" />
13-->src/main/AndroidManifest.xml:8:5-81
13-->src/main/AndroidManifest.xml:8:22-78
14    <uses-permission android:name="android.permission.ACCESS_FINE_LOCATION" />
14-->src/main/AndroidManifest.xml:9:5-79
14-->src/main/AndroidManifest.xml:9:22-76
15    <uses-permission android:name="com.android.launcher.permission.INSTALL_SHORTCUT" />
15-->src/main/AndroidManifest.xml:10:5-88
15-->src/main/AndroidManifest.xml:10:22-85
16    <uses-permission android:name="android.permission.WRITE_EXTERNAL_STORAGE" />
16-->src/main/AndroidManifest.xml:11:5-81
16-->src/main/AndroidManifest.xml:11:22-78
17    <uses-permission android:name="android.permission.READ_EXTERNAL_STORAGE" />
17-->src/main/AndroidManifest.xml:12:5-80
17-->src/main/AndroidManifest.xml:12:22-77
18    <uses-permission android:name="android.permission.BLUETOOTH" />
18-->src/main/AndroidManifest.xml:14:5-68
18-->src/main/AndroidManifest.xml:14:22-65
19    <uses-permission android:name="android.permission.BLUETOOTH_ADMIN" />
19-->src/main/AndroidManifest.xml:15:5-74
19-->src/main/AndroidManifest.xml:15:22-71
20
21    <uses-feature android:name="android.hardware.camera" />
21-->src/main/AndroidManifest.xml:17:5-60
21-->src/main/AndroidManifest.xml:17:19-57
22
23    <uses-permission android:name="android.permission.CAMERA" />
23-->src/main/AndroidManifest.xml:19:5-65
23-->src/main/AndroidManifest.xml:19:22-62
24    <uses-permission android:name="android.permission.NFC" />
24-->src/main/AndroidManifest.xml:21:5-62
24-->src/main/AndroidManifest.xml:21:22-59
25    <uses-permission android:name="android.permission.ACCESS_BACKGROUND_LOCATION" />
25-->src/main/AndroidManifest.xml:23:5-85
25-->src/main/AndroidManifest.xml:23:22-82
26
27    <uses-feature
27-->src/main/AndroidManifest.xml:26:5-28:35
28        android:name="android.hardware.camera.any"
28-->src/main/AndroidManifest.xml:27:9-51
29        android:required="true" />
29-->src/main/AndroidManifest.xml:28:9-32
30    <uses-feature
30-->src/main/AndroidManifest.xml:29:5-31:36
31        android:name="android.hardware.camera.autofocus"
31-->src/main/AndroidManifest.xml:30:9-57
32        android:required="true" />
32-->src/main/AndroidManifest.xml:31:9-33
33
34    <uses-permission android:name="android.permission.WAKE_LOCK" />
34-->[androidx.work:work-runtime:2.4.0] AndroidManifest.xml:25:5-68
34-->[androidx.work:work-runtime:2.4.0] AndroidManifest.xml:25:22-65
35    <uses-permission android:name="android.permission.RECEIVE_BOOT_COMPLETED" />
35-->[androidx.work:work-runtime:2.4.0] AndroidManifest.xml:27:5-81
35-->[androidx.work:work-runtime:2.4.0] AndroidManifest.xml:27:22-78
36    <uses-permission android:name="android.permission.FOREGROUND_SERVICE" />
36-->[androidx.work:work-runtime:2.4.0] AndroidManifest.xml:28:5-77
36-->[androidx.work:work-runtime:2.4.0] AndroidManifest.xml:28:22-74
37
38    <uses-feature
38-->[com.google.android.gms:play-services-maps:17.0.0] AndroidManifest.xml:26:5-28:35
39        android:glEsVersion="0x00020000"
39-->[com.google.android.gms:play-services-maps:17.0.0] AndroidManifest.xml:27:9-41
40        android:required="true" /> <!-- android:networkSecurityConfig="@xml/network_security_config" -->
40-->[com.google.android.gms:play-services-maps:17.0.0] AndroidManifest.xml:28:9-32
41    <application
41-->src/main/AndroidManifest.xml:35:5-135:19
42        android:name="dev.fabula.android.app.BaseApp"
42-->src/main/AndroidManifest.xml:36:9-54
43        android:allowBackup="true"
43-->src/main/AndroidManifest.xml:37:9-35
44        android:appComponentFactory="androidx.core.app.CoreComponentFactory"
44-->[androidx.core:core:1.3.2] AndroidManifest.xml:24:18-86
45        android:configChanges="orientation"
45-->[com.github.jrvansuita:PickImage:v2.5] AndroidManifest.xml:19:9-44
46        android:icon="@mipmap/ic_launcher"
46-->src/main/AndroidManifest.xml:38:9-43
47        android:label="@string/app_name"
47-->src/main/AndroidManifest.xml:39:9-41
48        android:roundIcon="@mipmap/ic_launcher_round"
48-->src/main/AndroidManifest.xml:40:9-54
49        android:screenOrientation="portrait"
49-->[com.github.jrvansuita:PickImage:v2.5] AndroidManifest.xml:21:9-45
50        android:supportsRtl="true"
50-->src/main/AndroidManifest.xml:41:9-35
51        android:theme="@style/Theme.AppTheme"
51-->src/main/AndroidManifest.xml:42:9-46
52        android:usesCleartextTraffic="true"
52-->src/main/AndroidManifest.xml:43:9-44
53        android:windowSoftInputMode="stateVisible|adjustPan" >
53-->src/main/AndroidManifest.xml:44:9-61
54        <provider
54-->src/main/AndroidManifest.xml:47:9-58:20
55            android:name="androidx.core.content.FileProvider"
55-->src/main/AndroidManifest.xml:48:13-62
56            android:authorities="com.package.name.fileproviders"
56-->src/main/AndroidManifest.xml:49:13-65
57            android:exported="false"
57-->src/main/AndroidManifest.xml:50:13-37
58            android:grantUriPermissions="true" >
58-->src/main/AndroidManifest.xml:51:13-47
59            <meta-data
59-->src/main/AndroidManifest.xml:54:13-57:52
60                android:name="android.support.FILE_PROVIDER_PATHS"
60-->src/main/AndroidManifest.xml:55:17-67
61                android:resource="@xml/provider_path" />
61-->src/main/AndroidManifest.xml:56:17-54
62        </provider>
63
64        <!-- <meta-data -->
65        <!-- android:name="firebase_crashlytics_collection_enabled" -->
66        <!-- android:value="false" /> -->
67
68        <activity
68-->src/main/AndroidManifest.xml:65:9-98:20
69            android:name="dev.fabula.android.app.ui.AppActivity"
69-->src/main/AndroidManifest.xml:66:13-47
70            android:configChanges="keyboard|keyboardHidden|orientation|screenSize"
70-->src/main/AndroidManifest.xml:67:13-83
71            android:screenOrientation="portrait"
71-->src/main/AndroidManifest.xml:68:13-49
72            android:windowSoftInputMode="adjustResize" >
72-->src/main/AndroidManifest.xml:69:13-55
73            <meta-data
73-->src/main/AndroidManifest.xml:71:13-73:57
74                android:name="android.app.shortcuts"
74-->src/main/AndroidManifest.xml:72:17-53
75                android:resource="@xml/app_shortcuts" />
75-->src/main/AndroidManifest.xml:73:17-54
76
77            <intent-filter>
77-->src/main/AndroidManifest.xml:75:13-78:29
78                <action android:name="android.intent.action.MAIN" />
78-->src/main/AndroidManifest.xml:76:17-69
78-->src/main/AndroidManifest.xml:76:25-66
79
80                <category android:name="android.intent.category.LAUNCHER" />
80-->src/main/AndroidManifest.xml:77:17-77
80-->src/main/AndroidManifest.xml:77:27-74
81            </intent-filter>
82            <intent-filter>
82-->src/main/AndroidManifest.xml:79:13-88:29
83                <action android:name="android.intent.action.VIEW" />
83-->src/main/AndroidManifest.xml:80:17-69
83-->src/main/AndroidManifest.xml:80:25-66
84
85                <category android:name="android.intent.category.DEFAULT" />
85-->src/main/AndroidManifest.xml:82:17-76
85-->src/main/AndroidManifest.xml:82:27-73
86                <category android:name="android.intent.category.BROWSABLE" />
86-->src/main/AndroidManifest.xml:83:17-78
86-->src/main/AndroidManifest.xml:83:27-75
87
88                <data
88-->src/main/AndroidManifest.xml:85:17-87:45
89                    android:host="alfa-group.net"
89-->src/main/AndroidManifest.xml:86:21-50
90                    android:scheme="http" />
90-->src/main/AndroidManifest.xml:87:21-42
91            </intent-filter>
92
93            <!-- <intent-filter> -->
94            <!-- <action android:name="android.nfc.action.NDEF_DISCOVERED"/> -->
95            <!-- <action android:name="android.nfc.action.TAG_DISCOVERED"/> -->
96
97
98            <!-- <category android:name="android.intent.category.DEFAULT"/> -->
99            <!-- </intent-filter> -->
100
101            <intent-filter android:autoVerify="true" >
101-->[app_navigation] app_navigation.xml:558:9-561:75
101-->[app_navigation] app_navigation.xml:558:9-561:75
102                <action android:name="android.intent.action.VIEW" />
102-->src/main/AndroidManifest.xml:80:17-69
102-->src/main/AndroidManifest.xml:80:25-66
103
104                <category android:name="android.intent.category.DEFAULT" />
104-->src/main/AndroidManifest.xml:82:17-76
104-->src/main/AndroidManifest.xml:82:27-73
105                <category android:name="android.intent.category.BROWSABLE" />
105-->src/main/AndroidManifest.xml:83:17-78
105-->src/main/AndroidManifest.xml:83:27-75
106
107                <data android:scheme="http" />
107-->src/main/AndroidManifest.xml:85:17-87:45
107-->src/main/AndroidManifest.xml:87:21-42
108                <data android:scheme="https" />
108-->src/main/AndroidManifest.xml:85:17-87:45
108-->src/main/AndroidManifest.xml:87:21-42
109                <data android:host="alfa-group.net" />
109-->src/main/AndroidManifest.xml:85:17-87:45
109-->src/main/AndroidManifest.xml:86:21-50
110                <data android:path="/home/page" />
110-->src/main/AndroidManifest.xml:85:17-87:45
110-->[app_navigation] app_navigation.xml:558:9-561:75
111            </intent-filter>
112        </activity>
113
114        <!-- &lt;!&ndash; Set custom default icon. This is used when no icon is set for incoming notification messages. -->
115        <!-- See README(https://goo.gl/l4GJaQ) for more. &ndash;&gt; -->
116        <!-- <meta-data -->
117        <!-- android:name="com.google.firebase.messaging.default_notification_icon" -->
118        <!-- android:resource="@drawable/ic_nav_sale" /> -->
119        <!-- &lt;!&ndash; Set color used with incoming notification messages. This is used when no color is set for the incoming -->
120        <!-- notification message. See README(https://goo.gl/6BKBk7) for more. &ndash;&gt; -->
121        <!-- <meta-data -->
122        <!-- android:name="com.google.firebase.messaging.default_notification_color" -->
123        <!-- android:resource="@color/colorAccent" /> -->
124        <!-- <meta-data -->
125        <!-- android:name="com.google.firebase.messaging.default_notification_channel_id" -->
126        <!-- android:value="@string/default_notification_channel_id" /> -->
127
128
129        <!-- <service -->
130        <!-- android:name=".firebase.messaging.PushService" -->
131        <!-- android:exported="false"> -->
132        <!-- <intent-filter> -->
133        <!-- <action android:name="com.google.firebase.MESSAGING_EVENT" /> -->
134        <!-- </intent-filter> -->
135        <!-- </service> -->
136
137        <service android:name="dev.fabula.android.bluetooth.bluetooth.BLEService" />
137-->src/main/AndroidManifest.xml:122:9-67
137-->src/main/AndroidManifest.xml:122:18-64
138
139        <!-- <provider -->
140        <!-- android:name="com.github.mjdev.libaums.storageprovider.UsbDocumentProvider" -->
141        <!-- android:authorities="com.github.mjdev.libaums.storageprovider.documents" -->
142        <!-- android:exported="true" -->
143        <!-- android:grantUriPermissions="true" -->
144        <!-- android:permission="android.permission.MANAGE_DOCUMENTS" -->
145        <!-- android:enabled="@bool/isAtLeastKitKat"> -->
146        <!-- <intent-filter> -->
147        <!-- <action android:name="android.content.action.DOCUMENTS_PROVIDER" /> -->
148        <!-- </intent-filter> -->
149        <!-- </provider> -->
150        <provider
150-->[androidx.work:work-runtime:2.4.0] AndroidManifest.xml:31:9-37:35
151            android:name="androidx.work.impl.WorkManagerInitializer"
151-->[androidx.work:work-runtime:2.4.0] AndroidManifest.xml:32:13-69
152            android:authorities="com.alfa.group.bosch.android.workmanager-init"
152-->[androidx.work:work-runtime:2.4.0] AndroidManifest.xml:33:13-68
153            android:directBootAware="false"
153-->[androidx.work:work-runtime:2.4.0] AndroidManifest.xml:34:13-44
154            android:exported="false"
154-->[androidx.work:work-runtime:2.4.0] AndroidManifest.xml:35:13-37
155            android:multiprocess="true" />
155-->[androidx.work:work-runtime:2.4.0] AndroidManifest.xml:36:13-40
156
157        <service
157-->[androidx.work:work-runtime:2.4.0] AndroidManifest.xml:39:9-44:35
158            android:name="androidx.work.impl.background.systemalarm.SystemAlarmService"
158-->[androidx.work:work-runtime:2.4.0] AndroidManifest.xml:40:13-88
159            android:directBootAware="false"
159-->[androidx.work:work-runtime:2.4.0] AndroidManifest.xml:41:13-44
160            android:enabled="@bool/enable_system_alarm_service_default"
160-->[androidx.work:work-runtime:2.4.0] AndroidManifest.xml:42:13-72
161            android:exported="false" />
161-->[androidx.work:work-runtime:2.4.0] AndroidManifest.xml:43:13-37
162        <service
162-->[androidx.work:work-runtime:2.4.0] AndroidManifest.xml:45:9-51:35
163            android:name="androidx.work.impl.background.systemjob.SystemJobService"
163-->[androidx.work:work-runtime:2.4.0] AndroidManifest.xml:46:13-84
164            android:directBootAware="false"
164-->[androidx.work:work-runtime:2.4.0] AndroidManifest.xml:47:13-44
165            android:enabled="@bool/enable_system_job_service_default"
165-->[androidx.work:work-runtime:2.4.0] AndroidManifest.xml:48:13-70
166            android:exported="true"
166-->[androidx.work:work-runtime:2.4.0] AndroidManifest.xml:49:13-36
167            android:permission="android.permission.BIND_JOB_SERVICE" />
167-->[androidx.work:work-runtime:2.4.0] AndroidManifest.xml:50:13-69
168        <service
168-->[androidx.work:work-runtime:2.4.0] AndroidManifest.xml:52:9-57:35
169            android:name="androidx.work.impl.foreground.SystemForegroundService"
169-->[androidx.work:work-runtime:2.4.0] AndroidManifest.xml:53:13-81
170            android:directBootAware="false"
170-->[androidx.work:work-runtime:2.4.0] AndroidManifest.xml:54:13-44
171            android:enabled="@bool/enable_system_foreground_service_default"
171-->[androidx.work:work-runtime:2.4.0] AndroidManifest.xml:55:13-77
172            android:exported="false" />
172-->[androidx.work:work-runtime:2.4.0] AndroidManifest.xml:56:13-37
173
174        <receiver
174-->[androidx.work:work-runtime:2.4.0] AndroidManifest.xml:59:9-64:35
175            android:name="androidx.work.impl.utils.ForceStopRunnable$BroadcastReceiver"
175-->[androidx.work:work-runtime:2.4.0] AndroidManifest.xml:60:13-88
176            android:directBootAware="false"
176-->[androidx.work:work-runtime:2.4.0] AndroidManifest.xml:61:13-44
177            android:enabled="true"
177-->[androidx.work:work-runtime:2.4.0] AndroidManifest.xml:62:13-35
178            android:exported="false" />
178-->[androidx.work:work-runtime:2.4.0] AndroidManifest.xml:63:13-37
179        <receiver
179-->[androidx.work:work-runtime:2.4.0] AndroidManifest.xml:65:9-75:20
180            android:name="androidx.work.impl.background.systemalarm.ConstraintProxy$BatteryChargingProxy"
180-->[androidx.work:work-runtime:2.4.0] AndroidManifest.xml:66:13-106
181            android:directBootAware="false"
181-->[androidx.work:work-runtime:2.4.0] AndroidManifest.xml:67:13-44
182            android:enabled="false"
182-->[androidx.work:work-runtime:2.4.0] AndroidManifest.xml:68:13-36
183            android:exported="false" >
183-->[androidx.work:work-runtime:2.4.0] AndroidManifest.xml:69:13-37
184            <intent-filter>
184-->[androidx.work:work-runtime:2.4.0] AndroidManifest.xml:71:13-74:29
185                <action android:name="android.intent.action.ACTION_POWER_CONNECTED" />
185-->[androidx.work:work-runtime:2.4.0] AndroidManifest.xml:72:17-87
185-->[androidx.work:work-runtime:2.4.0] AndroidManifest.xml:72:25-84
186                <action android:name="android.intent.action.ACTION_POWER_DISCONNECTED" />
186-->[androidx.work:work-runtime:2.4.0] AndroidManifest.xml:73:17-90
186-->[androidx.work:work-runtime:2.4.0] AndroidManifest.xml:73:25-87
187            </intent-filter>
188        </receiver>
189        <receiver
189-->[androidx.work:work-runtime:2.4.0] AndroidManifest.xml:76:9-86:20
190            android:name="androidx.work.impl.background.systemalarm.ConstraintProxy$BatteryNotLowProxy"
190-->[androidx.work:work-runtime:2.4.0] AndroidManifest.xml:77:13-104
191            android:directBootAware="false"
191-->[androidx.work:work-runtime:2.4.0] AndroidManifest.xml:78:13-44
192            android:enabled="false"
192-->[androidx.work:work-runtime:2.4.0] AndroidManifest.xml:79:13-36
193            android:exported="false" >
193-->[androidx.work:work-runtime:2.4.0] AndroidManifest.xml:80:13-37
194            <intent-filter>
194-->[androidx.work:work-runtime:2.4.0] AndroidManifest.xml:82:13-85:29
195                <action android:name="android.intent.action.BATTERY_OKAY" />
195-->[androidx.work:work-runtime:2.4.0] AndroidManifest.xml:83:17-77
195-->[androidx.work:work-runtime:2.4.0] AndroidManifest.xml:83:25-74
196                <action android:name="android.intent.action.BATTERY_LOW" />
196-->[androidx.work:work-runtime:2.4.0] AndroidManifest.xml:84:17-76
196-->[androidx.work:work-runtime:2.4.0] AndroidManifest.xml:84:25-73
197            </intent-filter>
198        </receiver>
199        <receiver
199-->[androidx.work:work-runtime:2.4.0] AndroidManifest.xml:87:9-97:20
200            android:name="androidx.work.impl.background.systemalarm.ConstraintProxy$StorageNotLowProxy"
200-->[androidx.work:work-runtime:2.4.0] AndroidManifest.xml:88:13-104
201            android:directBootAware="false"
201-->[androidx.work:work-runtime:2.4.0] AndroidManifest.xml:89:13-44
202            android:enabled="false"
202-->[androidx.work:work-runtime:2.4.0] AndroidManifest.xml:90:13-36
203            android:exported="false" >
203-->[androidx.work:work-runtime:2.4.0] AndroidManifest.xml:91:13-37
204            <intent-filter>
204-->[androidx.work:work-runtime:2.4.0] AndroidManifest.xml:93:13-96:29
205                <action android:name="android.intent.action.DEVICE_STORAGE_LOW" />
205-->[androidx.work:work-runtime:2.4.0] AndroidManifest.xml:94:17-83
205-->[androidx.work:work-runtime:2.4.0] AndroidManifest.xml:94:25-80
206                <action android:name="android.intent.action.DEVICE_STORAGE_OK" />
206-->[androidx.work:work-runtime:2.4.0] AndroidManifest.xml:95:17-82
206-->[androidx.work:work-runtime:2.4.0] AndroidManifest.xml:95:25-79
207            </intent-filter>
208        </receiver>
209        <receiver
209-->[androidx.work:work-runtime:2.4.0] AndroidManifest.xml:98:9-107:20
210            android:name="androidx.work.impl.background.systemalarm.ConstraintProxy$NetworkStateProxy"
210-->[androidx.work:work-runtime:2.4.0] AndroidManifest.xml:99:13-103
211            android:directBootAware="false"
211-->[androidx.work:work-runtime:2.4.0] AndroidManifest.xml:100:13-44
212            android:enabled="false"
212-->[androidx.work:work-runtime:2.4.0] AndroidManifest.xml:101:13-36
213            android:exported="false" >
213-->[androidx.work:work-runtime:2.4.0] AndroidManifest.xml:102:13-37
214            <intent-filter>
214-->[androidx.work:work-runtime:2.4.0] AndroidManifest.xml:104:13-106:29
215                <action android:name="android.net.conn.CONNECTIVITY_CHANGE" />
215-->[androidx.work:work-runtime:2.4.0] AndroidManifest.xml:105:17-79
215-->[androidx.work:work-runtime:2.4.0] AndroidManifest.xml:105:25-76
216            </intent-filter>
217        </receiver>
218        <receiver
218-->[androidx.work:work-runtime:2.4.0] AndroidManifest.xml:108:9-119:20
219            android:name="androidx.work.impl.background.systemalarm.RescheduleReceiver"
219-->[androidx.work:work-runtime:2.4.0] AndroidManifest.xml:109:13-88
220            android:directBootAware="false"
220-->[androidx.work:work-runtime:2.4.0] AndroidManifest.xml:110:13-44
221            android:enabled="false"
221-->[androidx.work:work-runtime:2.4.0] AndroidManifest.xml:111:13-36
222            android:exported="false" >
222-->[androidx.work:work-runtime:2.4.0] AndroidManifest.xml:112:13-37
223            <intent-filter>
223-->[androidx.work:work-runtime:2.4.0] AndroidManifest.xml:114:13-118:29
224                <action android:name="android.intent.action.BOOT_COMPLETED" />
224-->[androidx.work:work-runtime:2.4.0] AndroidManifest.xml:115:17-79
224-->[androidx.work:work-runtime:2.4.0] AndroidManifest.xml:115:25-76
225                <action android:name="android.intent.action.TIME_SET" />
225-->[androidx.work:work-runtime:2.4.0] AndroidManifest.xml:116:17-73
225-->[androidx.work:work-runtime:2.4.0] AndroidManifest.xml:116:25-70
226                <action android:name="android.intent.action.TIMEZONE_CHANGED" />
226-->[androidx.work:work-runtime:2.4.0] AndroidManifest.xml:117:17-81
226-->[androidx.work:work-runtime:2.4.0] AndroidManifest.xml:117:25-78
227            </intent-filter>
228        </receiver>
229        <receiver
229-->[androidx.work:work-runtime:2.4.0] AndroidManifest.xml:120:9-129:20
230            android:name="androidx.work.impl.background.systemalarm.ConstraintProxyUpdateReceiver"
230-->[androidx.work:work-runtime:2.4.0] AndroidManifest.xml:121:13-99
231            android:directBootAware="false"
231-->[androidx.work:work-runtime:2.4.0] AndroidManifest.xml:122:13-44
232            android:enabled="@bool/enable_system_alarm_service_default"
232-->[androidx.work:work-runtime:2.4.0] AndroidManifest.xml:123:13-72
233            android:exported="false" >
233-->[androidx.work:work-runtime:2.4.0] AndroidManifest.xml:124:13-37
234            <intent-filter>
234-->[androidx.work:work-runtime:2.4.0] AndroidManifest.xml:126:13-128:29
235                <action android:name="androidx.work.impl.background.systemalarm.UpdateProxies" />
235-->[androidx.work:work-runtime:2.4.0] AndroidManifest.xml:127:17-98
235-->[androidx.work:work-runtime:2.4.0] AndroidManifest.xml:127:25-95
236            </intent-filter>
237        </receiver>
238        <receiver
238-->[androidx.work:work-runtime:2.4.0] AndroidManifest.xml:130:9-140:20
239            android:name="androidx.work.impl.diagnostics.DiagnosticsReceiver"
239-->[androidx.work:work-runtime:2.4.0] AndroidManifest.xml:131:13-78
240            android:directBootAware="false"
240-->[androidx.work:work-runtime:2.4.0] AndroidManifest.xml:132:13-44
241            android:enabled="true"
241-->[androidx.work:work-runtime:2.4.0] AndroidManifest.xml:133:13-35
242            android:exported="true"
242-->[androidx.work:work-runtime:2.4.0] AndroidManifest.xml:134:13-36
243            android:permission="android.permission.DUMP" >
243-->[androidx.work:work-runtime:2.4.0] AndroidManifest.xml:135:13-57
244            <intent-filter>
244-->[androidx.work:work-runtime:2.4.0] AndroidManifest.xml:137:13-139:29
245                <action android:name="androidx.work.diagnostics.REQUEST_DIAGNOSTICS" />
245-->[androidx.work:work-runtime:2.4.0] AndroidManifest.xml:138:17-88
245-->[androidx.work:work-runtime:2.4.0] AndroidManifest.xml:138:25-85
246            </intent-filter>
247        </receiver>
248
249        <service
249-->[androidx.room:room-runtime:2.2.5] AndroidManifest.xml:25:9-28:40
250            android:name="androidx.room.MultiInstanceInvalidationService"
250-->[androidx.room:room-runtime:2.2.5] AndroidManifest.xml:26:13-74
251            android:directBootAware="true"
251-->[androidx.room:room-runtime:2.2.5] AndroidManifest.xml:27:13-43
252            android:exported="false" /> <!-- Needs to be explicitly declared on P+ -->
252-->[androidx.room:room-runtime:2.2.5] AndroidManifest.xml:28:13-37
253        <uses-library
253-->[com.google.android.gms:play-services-maps:17.0.0] AndroidManifest.xml:33:9-35:40
254            android:name="org.apache.http.legacy"
254-->[com.google.android.gms:play-services-maps:17.0.0] AndroidManifest.xml:34:13-50
255            android:required="false" />
255-->[com.google.android.gms:play-services-maps:17.0.0] AndroidManifest.xml:35:13-37
256
257        <activity
257-->[com.google.android.gms:play-services-base:17.3.0] AndroidManifest.xml:23:9-26:75
258            android:name="com.google.android.gms.common.api.GoogleApiActivity"
258-->[com.google.android.gms:play-services-base:17.3.0] AndroidManifest.xml:24:13-79
259            android:exported="false"
259-->[com.google.android.gms:play-services-base:17.3.0] AndroidManifest.xml:25:13-37
260            android:theme="@android:style/Theme.Translucent.NoTitleBar" />
260-->[com.google.android.gms:play-services-base:17.3.0] AndroidManifest.xml:26:13-72
261
262        <meta-data
262-->[com.google.android.gms:play-services-basement:17.3.0] AndroidManifest.xml:23:9-25:69
263            android:name="com.google.android.gms.version"
263-->[com.google.android.gms:play-services-basement:17.3.0] AndroidManifest.xml:24:13-58
264            android:value="@integer/google_play_services_version" />
264-->[com.google.android.gms:play-services-basement:17.3.0] AndroidManifest.xml:25:13-66
265
266        <provider
266-->[androidx.lifecycle:lifecycle-process:2.2.0] AndroidManifest.xml:25:9-29:43
267            android:name="androidx.lifecycle.ProcessLifecycleOwnerInitializer"
267-->[androidx.lifecycle:lifecycle-process:2.2.0] AndroidManifest.xml:26:13-79
268            android:authorities="com.alfa.group.bosch.android.lifecycle-process"
268-->[androidx.lifecycle:lifecycle-process:2.2.0] AndroidManifest.xml:27:13-69
269            android:exported="false"
269-->[androidx.lifecycle:lifecycle-process:2.2.0] AndroidManifest.xml:28:13-37
270            android:multiprocess="true" />
270-->[androidx.lifecycle:lifecycle-process:2.2.0] AndroidManifest.xml:29:13-40
271    </application>
272
273</manifest>